  imgui.cpp
  imgui_demo.cpp
  imgui_draw.cpp
  imgui_widgets.cpp
  imgui_sdl.cpp
C:\Users\Admin\Desktop\GAME3001-W2021-Lab\GAME3001-W2021-lab2-LeNguyenTruongHai\GAME3001-W2021-Lab2\include\IMGUI_SDL\imgui_sdl.cpp(3,10): fatal error C1083: Cannot open include file: 'SDL.h': No such file or directory
  Button.cpp
C:\Users\Admin\Desktop\GAME3001-W2021-Lab\GAME3001-W2021-lab2-LeNguyenTruongHai\GAME3001-W2021-Lab2\src\Transform.h(4,10): fatal error C1083: Cannot open include file: 'glm/vec2.hpp': No such file or directory
  CollisionManager.cpp
C:\Users\Admin\Desktop\GAME3001-W2021-Lab\GAME3001-W2021-lab2-LeNguyenTruongHai\GAME3001-W2021-Lab2\src\Transform.h(4,10): fatal error C1083: Cannot open include file: 'glm/vec2.hpp': No such file or directory
  Obstacle.cpp
C:\Users\Admin\Desktop\GAME3001-W2021-Lab\GAME3001-W2021-lab2-LeNguyenTruongHai\GAME3001-W2021-Lab2\src\Transform.h(4,10): fatal error C1083: Cannot open include file: 'glm/vec2.hpp': No such file or directory
  SpaceShip.cpp
C:\Users\Admin\Desktop\GAME3001-W2021-Lab\GAME3001-W2021-lab2-LeNguyenTruongHai\GAME3001-W2021-Lab2\src\Transform.h(4,10): fatal error C1083: Cannot open include file: 'glm/vec2.hpp': No such file or directory
  Sprite.cpp
C:\Users\Admin\Desktop\GAME3001-W2021-Lab\GAME3001-W2021-lab2-LeNguyenTruongHai\GAME3001-W2021-Lab2\src\Transform.h(4,10): fatal error C1083: Cannot open include file: 'glm/vec2.hpp': No such file or directory
  UIControl.cpp
C:\Users\Admin\Desktop\GAME3001-W2021-Lab\GAME3001-W2021-lab2-LeNguyenTruongHai\GAME3001-W2021-Lab2\src\Transform.h(4,10): fatal error C1083: Cannot open include file: 'glm/vec2.hpp': No such file or directory
  DisplayObject.cpp
C:\Users\Admin\Desktop\GAME3001-W2021-Lab\GAME3001-W2021-lab2-LeNguyenTruongHai\GAME3001-W2021-Lab2\src\Transform.h(4,10): fatal error C1083: Cannot open include file: 'glm/vec2.hpp': No such file or directory
  EndScene.cpp
  The contents of <optional> are available only with C++17 or later.
C:\Users\Admin\Desktop\GAME3001-W2021-Lab\GAME3001-W2021-lab2-LeNguyenTruongHai\GAME3001-W2021-Lab2\src\Transform.h(4,10): fatal error C1083: Cannot open include file: 'glm/vec2.hpp': No such file or directory
  FontManager.cpp
C:\Users\Admin\Desktop\GAME3001-W2021-Lab\GAME3001-W2021-lab2-LeNguyenTruongHai\GAME3001-W2021-Lab2\src\FontManager.h(11,9): fatal error C1083: Cannot open include file: 'SDL.h': No such file or directory
  Game.cpp
C:\Users\Admin\Desktop\GAME3001-W2021-Lab\GAME3001-W2021-lab2-LeNguyenTruongHai\GAME3001-W2021-Lab2\src\Game.h(11,10): fatal error C1083: Cannot open include file: 'SDL.h': No such file or directory
  GameController.cpp
C:\Users\Admin\Desktop\GAME3001-W2021-Lab\GAME3001-W2021-lab2-LeNguyenTruongHai\GAME3001-W2021-Lab2\src\GameController.h(5,10): fatal error C1083: Cannot open include file: 'SDL.h': No such file or directory
  GameObject.cpp
C:\Users\Admin\Desktop\GAME3001-W2021-Lab\GAME3001-W2021-lab2-LeNguyenTruongHai\GAME3001-W2021-Lab2\src\Transform.h(4,10): fatal error C1083: Cannot open include file: 'glm/vec2.hpp': No such file or directory
  Label.cpp
C:\Users\Admin\Desktop\GAME3001-W2021-Lab\GAME3001-W2021-lab2-LeNguyenTruongHai\GAME3001-W2021-Lab2\src\Transform.h(4,10): fatal error C1083: Cannot open include file: 'glm/vec2.hpp': No such file or directory
  PlayScene.cpp
  The contents of <optional> are available only with C++17 or later.
C:\Users\Admin\Desktop\GAME3001-W2021-Lab\GAME3001-W2021-lab2-LeNguyenTruongHai\GAME3001-W2021-Lab2\src\Transform.h(4,10): fatal error C1083: Cannot open include file: 'glm/vec2.hpp': No such file or directory
  main.cpp
C:\Users\Admin\Desktop\GAME3001-W2021-Lab\GAME3001-W2021-lab2-LeNguyenTruongHai\GAME3001-W2021-Lab2\src\Game.h(11,10): fatal error C1083: Cannot open include file: 'SDL.h': No such file or directory
  Compiling...
  Plane.cpp
C:\Users\Admin\Desktop\GAME3001-W2021-Lab\GAME3001-W2021-lab2-LeNguyenTruongHai\GAME3001-W2021-Lab2\src\Transform.h(4,10): fatal error C1083: Cannot open include file: 'glm/vec2.hpp': No such file or directory
  Player.cpp
C:\Users\Admin\Desktop\GAME3001-W2021-Lab\GAME3001-W2021-lab2-LeNguyenTruongHai\GAME3001-W2021-Lab2\src\Transform.h(4,10): fatal error C1083: Cannot open include file: 'glm/vec2.hpp': No such file or directory
  Renderer.cpp
C:\Users\Admin\Desktop\GAME3001-W2021-Lab\GAME3001-W2021-lab2-LeNguyenTruongHai\GAME3001-W2021-Lab2\src\Renderer.h(4,10): fatal error C1083: Cannot open include file: 'SDL.h': No such file or directory
  Scene.cpp
  The contents of <optional> are available only with C++17 or later.
C:\Users\Admin\Desktop\GAME3001-W2021-Lab\GAME3001-W2021-lab2-LeNguyenTruongHai\GAME3001-W2021-Lab2\src\Transform.h(4,10): fatal error C1083: Cannot open include file: 'glm/vec2.hpp': No such file or directory
  ship.cpp
C:\Users\Admin\Desktop\GAME3001-W2021-Lab\GAME3001-W2021-lab2-LeNguyenTruongHai\GAME3001-W2021-Lab2\src\Transform.h(4,10): fatal error C1083: Cannot open include file: 'glm/vec2.hpp': No such file or directory
  SoundManager.cpp
C:\Users\Admin\Desktop\GAME3001-W2021-Lab\GAME3001-W2021-lab2-LeNguyenTruongHai\GAME3001-W2021-Lab2\src\SoundManager.h(11,10): fatal error C1083: Cannot open include file: 'SDL_mixer.h': No such file or directory
  EventManager.cpp
C:\Users\Admin\Desktop\GAME3001-W2021-Lab\GAME3001-W2021-lab2-LeNguyenTruongHai\GAME3001-W2021-Lab2\src\EventManager.h(5,10): fatal error C1083: Cannot open include file: 'SDL.h': No such file or directory
  SpriteSheet.cpp
C:\Users\Admin\Desktop\GAME3001-W2021-Lab\GAME3001-W2021-lab2-LeNguyenTruongHai\GAME3001-W2021-Lab2\src\SpriteSheet.h(7,10): fatal error C1083: Cannot open include file: 'SDL.h': No such file or directory
  StartScene.cpp
  The contents of <optional> are available only with C++17 or later.
C:\Users\Admin\Desktop\GAME3001-W2021-Lab\GAME3001-W2021-lab2-LeNguyenTruongHai\GAME3001-W2021-Lab2\src\Transform.h(4,10): fatal error C1083: Cannot open include file: 'glm/vec2.hpp': No such file or directory
  Target.cpp
C:\Users\Admin\Desktop\GAME3001-W2021-Lab\GAME3001-W2021-lab2-LeNguyenTruongHai\GAME3001-W2021-Lab2\src\Transform.h(4,10): fatal error C1083: Cannot open include file: 'glm/vec2.hpp': No such file or directory
  TextureManager.cpp
C:\Users\Admin\Desktop\GAME3001-W2021-Lab\GAME3001-W2021-lab2-LeNguyenTruongHai\GAME3001-W2021-Lab2\src\TextureManager.h(10,10): fatal error C1083: Cannot open include file: 'glm/vec2.hpp': No such file or directory
  Util.cpp
C:\Users\Admin\Desktop\GAME3001-W2021-Lab\GAME3001-W2021-lab2-LeNguyenTruongHai\GAME3001-W2021-Lab2\src\Util.h(5,10): fatal error C1083: Cannot open include file: 'GLM/vec2.hpp': No such file or directory
  Arrival.cpp
C:\Users\Admin\Desktop\GAME3001-W2021-Lab\GAME3001-W2021-lab2-LeNguyenTruongHai\GAME3001-W2021-Lab2\Template\Arrival.h(5,10): fatal error C1083: Cannot open include file: 'Scene.h': No such file or directory
